<?xml version="1.0" encoding="UTF-8"?>
<!-- Generated by org.testng.reporters.JUnitReportReporter -->
<testsuite skipped="0" hostname="DESKTOP-2IEME8E" name="practice.HandleAlertPopUp" tests="1" failures="0" timestamp="03 Mar 2018 16:44:29 GMT" time="20.619" errors="0">
  <testcase name="handlePopup" time="20.619" classname="practice.HandleAlertPopUp"/>
</testsuite> <!-- practice.HandleAlertPopUp -->
