<?xml version="1.0" encoding="UTF-8"?>
<!-- Generated by org.testng.reporters.JUnitReportReporter -->
<testsuite skipped="0" hostname="DESKTOP-2IEME8E" name="script.RequestDemo" tests="1" failures="0" timestamp="03 Mar 2018 18:26:18 GMT" time="32.261" errors="0">
  <testcase name="testRequestForDemoPopUp" time="32.261" classname="script.RequestDemo"/>
</testsuite> <!-- script.RequestDemo -->
